<?xml version="1.0" encoding="UTF-8"?>
<!-- Generated by org.testng.reporters.JUnitReportReporter -->
<testsuite hostname="LAPTOP-VCUQAIAR" failures="0" tests="2" name="getting_started.Getting_Started" time="4.328" errors="0" timestamp="04 Sep 2021 13:24:41 GMT" skipped="0">
  <testcase classname="getting_started.Getting_Started" name="simple_get_request" time="3.036"/>
  <testcase classname="getting_started.Getting_Started" name="validate_json" time="1.292"/>
</testsuite> <!-- getting_started.Getting_Started -->
